<?xml version="1.0" encoding="UTF-8"?>
<testng-results ignored="0" total="1" passed="1" failed="0" skipped="0">
  <reporter-output>
  </reporter-output>
  <suite started-at="2024-11-20T01:02:27 IST" name="Default suite" finished-at="2024-11-20T01:03:27 IST" duration-ms="60245">
    <groups>
    </groups>
    <test started-at="2024-11-20T01:02:27 IST" name="Default test" finished-at="2024-11-20T01:03:27 IST" duration-ms="60245">
      <class name="amazon_website.Amazon">
        <test-method is-config="true" signature="setUp()[pri:0, instance:amazon_website.Amazon@36ebc363]" started-at="2024-11-20T01:02:27 IST" name="setUp" finished-at="2024-11-20T01:02:30 IST" duration-ms="2474" status="PASS">
          <reporter-output>
          </reporter-output>
        </test-method> <!-- setUp -->
        <test-method signature="test1()[pri:0, instance:amazon_website.Amazon@36ebc363]" started-at="2024-11-20T01:02:30 IST" name="test1" finished-at="2024-11-20T01:03:27 IST" duration-ms="57709" status="PASS">
          <reporter-output>
          </reporter-output>
        </test-method> <!-- test1 -->
      </class> <!-- amazon_website.Amazon -->
    </test> <!-- Default test -->
  </suite> <!-- Default suite -->
</testng-results>
